<?xml version="1.0" encoding="UTF-8"?>
<!-- Generated by org.testng.reporters.JUnitReportReporter -->
<testsuite hostname="INDHYDELP005" failures="0" tests="1" name="com.gomechanic.Tests.AddCarWashServicePlanToCartTest" time="49.182" errors="0" timestamp="4 Nov 2019 06:26:52 GMT">
  <testcase classname="com.gomechanic.Tests.AddCarWashServicePlanToCartTest" name="selectCarWashServicePlan" time="49.182"/>
</testsuite> <!-- com.gomechanic.Tests.AddCarWashServicePlanToCartTest -->
