<?xml version="1.0" encoding="UTF-8"?>
<!-- Generated by org.testng.reporters.JUnitReportReporter -->
<testsuite hostname="INDHYDELP005" failures="0" tests="1" name="com.gomechanic.Tests.AddAntiRustCoatingServicePlanToCartTest" time="46.913" errors="0" timestamp="4 Nov 2019 06:26:52 GMT">
  <testcase classname="com.gomechanic.Tests.AddAntiRustCoatingServicePlanToCartTest" name="selectAntiRustCoatingServicePlan" time="46.913"/>
</testsuite> <!-- com.gomechanic.Tests.AddAntiRustCoatingServicePlanToCartTest -->
