<?xml version="1.0" encoding="UTF-8"?>
<!-- Generated by org.testng.reporters.JUnitReportReporter -->
<testsuite hostname="INDHYDELP005" failures="0" tests="1" name="com.gomechanic.Tests.AddBasicServicePlanToCartTest" time="37.506" errors="0" timestamp="4 Nov 2019 06:26:53 GMT">
  <testcase classname="com.gomechanic.Tests.AddBasicServicePlanToCartTest" name="selectBasicServicePlan" time="37.506"/>
</testsuite> <!-- com.gomechanic.Tests.AddBasicServicePlanToCartTest -->
