<?xml version="1.0" encoding="UTF-8"?>
<!-- Generated by org.testng.reporters.JUnitReportReporter -->
<testsuite skipped="0" hostname="Hobys-MBP" name="com.projectname.tests.Test_001" tests="1" failures="0" timestamp="2020-09-08T12:16:45 AEST" time="41.131" errors="0">
  <testcase name="tcase1" time="41.131" classname="com.projectname.tests.Test_001"/>
  <system-out/>
</testsuite> <!-- com.projectname.tests.Test_001 -->
